F:\Mebrane\mojisuan\Debug\cl.command.1.tlog
F:\Mebrane\mojisuan\Debug\CL.read.1.tlog
F:\Mebrane\mojisuan\Debug\CL.write.1.tlog
F:\Mebrane\mojisuan\Debug\link.10020.read.1.tlog
F:\Mebrane\mojisuan\Debug\link.10020.write.1.tlog
F:\Mebrane\mojisuan\Debug\link.10020-cvtres.read.1.tlog
F:\Mebrane\mojisuan\Debug\link.10020-cvtres.write.1.tlog
F:\Mebrane\mojisuan\Debug\link.command.1.tlog
F:\Mebrane\mojisuan\Debug\link.read.1.tlog
F:\Mebrane\mojisuan\Debug\link.write.1.tlog
F:\Mebrane\mojisuan\Debug\link-cvtres.read.1.tlog
F:\Mebrane\mojisuan\Debug\link-cvtres.write.1.tlog
F:\Mebrane\mojisuan\Debug\mojisuan.exe.embed.manifest
F:\Mebrane\mojisuan\Debug\mojisuan.exe.embed.manifest.res
F:\Mebrane\mojisuan\Debug\mojisuan.exe.intermediate.manifest
F:\Mebrane\mojisuan\Debug\mojisuan.obj
F:\Mebrane\mojisuan\Debug\mojisuan.write.1.tlog
F:\Mebrane\mojisuan\Debug\mojisuan_manifest.rc
F:\Mebrane\mojisuan\Debug\mt.command.1.tlog
F:\Mebrane\mojisuan\Debug\mt.read.1.tlog
F:\Mebrane\mojisuan\Debug\mt.write.1.tlog
F:\Mebrane\mojisuan\Debug\rc.command.1.tlog
F:\Mebrane\mojisuan\Debug\rc.read.1.tlog
F:\Mebrane\mojisuan\Debug\rc.write.1.tlog
F:\Mebrane\mojisuan\Debug\vc100.idb
F:\Mebrane\mojisuan\Debug\vc100.pdb
F:\PROJECT\MOJISUAN\DEBUG\MOJISUAN.EXE
F:\PROJECT\MOJISUAN\DEBUG\MOJISUAN.ILK
F:\PROJECT\MOJISUAN\DEBUG\MOJISUAN.PDB
F:\PROJECT\MOJISUAN\MOJISUAN\DEBUG\MOJISUAN.EXE.EMBED.MANIFEST
F:\PROJECT\MOJISUAN\MOJISUAN\DEBUG\MOJISUAN.EXE.EMBED.MANIFEST.RES
F:\PROJECT\MOJISUAN\MOJISUAN\DEBUG\MOJISUAN.EXE.INTERMEDIATE.MANIFEST
F:\PROJECT\MOJISUAN\MOJISUAN\DEBUG\MOJISUAN.OBJ
F:\PROJECT\MOJISUAN\MOJISUAN\DEBUG\VC100.PDB
