F:\PROJECT\MOJISUAN\DEBUG\MOJISUAN.EXE
F:\PROJECT\MOJISUAN\DEBUG\MOJISUAN.ILK
F:\PROJECT\MOJISUAN\DEBUG\MOJISUAN.PDB
F:\Project\mojisuan\mojisuan\Debug\cl.command.1.tlog
F:\Project\mojisuan\mojisuan\Debug\CL.read.1.tlog
F:\Project\mojisuan\mojisuan\Debug\CL.write.1.tlog
F:\Project\mojisuan\mojisuan\Debug\link.21172.read.1.tlog
F:\Project\mojisuan\mojisuan\Debug\link.21172.write.1.tlog
F:\Project\mojisuan\mojisuan\Debug\link.21172-cvtres.read.1.tlog
F:\Project\mojisuan\mojisuan\Debug\link.21172-cvtres.write.1.tlog
F:\Project\mojisuan\mojisuan\Debug\link.command.1.tlog
F:\Project\mojisuan\mojisuan\Debug\link.read.1.tlog
F:\Project\mojisuan\mojisuan\Debug\link.write.1.tlog
F:\Project\mojisuan\mojisuan\Debug\link-cvtres.read.1.tlog
F:\Project\mojisuan\mojisuan\Debug\link-cvtres.write.1.tlog
F:\PROJECT\MOJISUAN\MOJISUAN\DEBUG\MOJISUAN.EXE.EMBED.MANIFEST
F:\PROJECT\MOJISUAN\MOJISUAN\DEBUG\MOJISUAN.EXE.EMBED.MANIFEST.RES
F:\PROJECT\MOJISUAN\MOJISUAN\DEBUG\MOJISUAN.EXE.INTERMEDIATE.MANIFEST
F:\PROJECT\MOJISUAN\MOJISUAN\DEBUG\MOJISUAN.OBJ
F:\Project\mojisuan\mojisuan\Debug\mojisuan.vcxprojResolveAssemblyReference.cache
F:\Project\mojisuan\mojisuan\Debug\mojisuan.write.1.tlog
F:\Project\mojisuan\mojisuan\Debug\mojisuan_manifest.rc
F:\Project\mojisuan\mojisuan\Debug\mt.command.1.tlog
F:\Project\mojisuan\mojisuan\Debug\mt.read.1.tlog
F:\Project\mojisuan\mojisuan\Debug\mt.write.1.tlog
F:\Project\mojisuan\mojisuan\Debug\rc.command.1.tlog
F:\Project\mojisuan\mojisuan\Debug\rc.read.1.tlog
F:\Project\mojisuan\mojisuan\Debug\rc.write.1.tlog
F:\Project\mojisuan\mojisuan\Debug\vc100.idb
F:\PROJECT\MOJISUAN\MOJISUAN\DEBUG\VC100.PDB
