生成启动时间为 2015/4/5 11:37:43。
     1>项目“F:\Mebrane\mojisuan\mojisuan.vcxproj”在节点 2 上(build 个目标)。
     1>InitializeBuildStatus:
         正在创建“Debug\MembraneCal.unsuccessfulbuild”，因为已指定“AlwaysCreate”。
       ClCompile:
         D:\Program Files\Microsoft Visual Studio 10.0\VC\bin\CL.exe /c /ZI /nologo /W3 /WX- /Od /Oy- /D WIN32 /D _DEBUG /D _CONSOLE /D _UNICODE /D UNICODE /Gm /EHsc /RTC1 /MDd /GS /fp:precise /Zc:wchar_t /Zc:forScope /Fo"Debug\\" /Fd"Debug\vc100.pdb" /Gd /TP /analyze- /errorReport:prompt MembraneCal.cpp
         MembraneCal.cpp
     1>f:\mebrane\mojisuan\membranecal.cpp(32): warning C4018: “<”: 有符号/无符号不匹配
     1>f:\mebrane\mojisuan\membranecal.cpp(58): warning C4018: “<”: 有符号/无符号不匹配
     1>f:\mebrane\mojisuan\membranecal.cpp(70): warning C4996: 'freopen': This function or variable may be unsafe. Consider using freopen_s instead. To disable deprecation, use _CRT_SECURE_NO_WARNINGS. See online help for details.
                 d:\program files\microsoft visual studio 10.0\vc\include\stdio.h(249) : 参见“freopen”的声明
     1>f:\mebrane\mojisuan\membranecal.cpp(88): warning C4018: “<”: 有符号/无符号不匹配
     1>f:\mebrane\mojisuan\membranecal.cpp(98): warning C4018: “<”: 有符号/无符号不匹配
     1>f:\mebrane\mojisuan\membranecal.cpp(105): warning C4018: “<”: 有符号/无符号不匹配
     1>f:\mebrane\mojisuan\membranecal.cpp(108): warning C4018: “<”: 有符号/无符号不匹配
     1>f:\mebrane\mojisuan\membranecal.cpp(151): warning C4018: “<”: 有符号/无符号不匹配
     1>f:\mebrane\mojisuan\membranecal.cpp(190): warning C4018: “<”: 有符号/无符号不匹配
     1>f:\mebrane\mojisuan\membranecal.cpp(256): warning C4018: “<”: 有符号/无符号不匹配
     1>f:\mebrane\mojisuan\membranecal.cpp(281): warning C4018: “<”: 有符号/无符号不匹配
     1>f:\mebrane\mojisuan\membranecal.cpp(356): warning C4018: “<”: 有符号/无符号不匹配
     1>f:\mebrane\mojisuan\membranecal.cpp(366): warning C4018: “<”: 有符号/无符号不匹配
     1>f:\mebrane\mojisuan\membranecal.cpp(371): warning C4018: “<”: 有符号/无符号不匹配
     1>f:\mebrane\mojisuan\membranecal.cpp(387): warning C4018: “<”: 有符号/无符号不匹配
     1>f:\mebrane\mojisuan\membranecal.cpp(393): warning C4018: “<”: 有符号/无符号不匹配
     1>f:\mebrane\mojisuan\membranecal.cpp(461): warning C4018: “<”: 有符号/无符号不匹配
     1>f:\mebrane\mojisuan\membranecal.cpp(466): warning C4018: “<”: 有符号/无符号不匹配
     1>f:\mebrane\mojisuan\membranecal.cpp(478): warning C4018: “<”: 有符号/无符号不匹配
     1>f:\mebrane\mojisuan\membranecal.cpp(487): warning C4018: “<”: 有符号/无符号不匹配
     1>f:\mebrane\mojisuan\membranecal.cpp(492): warning C4018: “<”: 有符号/无符号不匹配
     1>f:\mebrane\mojisuan\membranecal.cpp(518): warning C4018: “<”: 有符号/无符号不匹配
     1>f:\mebrane\mojisuan\membranecal.cpp(535): warning C4018: “<”: 有符号/无符号不匹配
     1>f:\mebrane\mojisuan\membranecal.cpp(549): warning C4996: 'freopen': This function or variable may be unsafe. Consider using freopen_s instead. To disable deprecation, use _CRT_SECURE_NO_WARNINGS. See online help for details.
                 d:\program files\microsoft visual studio 10.0\vc\include\stdio.h(249) : 参见“freopen”的声明
     1>f:\mebrane\mojisuan\membranecal.cpp(622): warning C4018: “<”: 有符号/无符号不匹配
     1>f:\mebrane\mojisuan\membranecal.cpp(640): warning C4018: “<”: 有符号/无符号不匹配
     1>f:\mebrane\mojisuan\membranecal.cpp(680): warning C4018: “<”: 有符号/无符号不匹配
     1>f:\mebrane\mojisuan\membranecal.cpp(687): warning C4018: “<”: 有符号/无符号不匹配
     1>f:\mebrane\mojisuan\membranecal.cpp(716): warning C4996: 'freopen': This function or variable may be unsafe. Consider using freopen_s instead. To disable deprecation, use _CRT_SECURE_NO_WARNINGS. See online help for details.
                 d:\program files\microsoft visual studio 10.0\vc\include\stdio.h(249) : 参见“freopen”的声明
     1>f:\mebrane\mojisuan\membranecal.cpp(720): warning C4996: 'freopen': This function or variable may be unsafe. Consider using freopen_s instead. To disable deprecation, use _CRT_SECURE_NO_WARNINGS. See online help for details.
                 d:\program files\microsoft visual studio 10.0\vc\include\stdio.h(249) : 参见“freopen”的声明
     1>d:\program files\microsoft visual studio 10.0\vc\include\xmemory(201): warning C4503: “std::_Tree_iterator<_Mytree>::_Tree_iterator”: 超出修饰名的长度，名称被截断
                 with
                 [
                     _Mytree=std::_Tree_val<std::_Tmap_traits<Membrane *,std::map<std::string,std::map<std::string,int>>,std::less<Membrane *>,std::allocator<std::pair<Membrane *const ,std::map<std::string,std::map<std::string,int>>>>,false>>
                 ]
     1>d:\program files\microsoft visual studio 10.0\vc\include\xmemory(201): warning C4503: “std::_Tree<_Traits>::erase”: 超出修饰名的长度，名称被截断
                 with
                 [
                     _Traits=std::_Tmap_traits<Membrane *,std::map<std::string,std::map<std::string,int>>,std::less<Membrane *>,std::allocator<std::pair<Membrane *const ,std::map<std::string,std::map<std::string,int>>>>,false>
                 ]
     1>d:\program files\microsoft visual studio 10.0\vc\include\xmemory(201): warning C4503: “std::_Tree_const_iterator<_Mytree>::_Tree_const_iterator”: 超出修饰名的长度，名称被截断
                 with
                 [
                     _Mytree=std::_Tree_val<std::_Tmap_traits<Membrane *,std::map<std::string,std::map<std::string,int>>,std::less<Membrane *>,std::allocator<std::pair<Membrane *const ,std::map<std::string,std::map<std::string,int>>>>,false>>
                 ]
     1>d:\program files\microsoft visual studio 10.0\vc\include\xmemory(201): warning C4503: “std::_Tree<_Traits>::erase”: 超出修饰名的长度，名称被截断
                 with
                 [
                     _Traits=std::_Tmap_traits<Membrane *,std::map<std::string,std::map<std::string,int>>,std::less<Membrane *>,std::allocator<std::pair<Membrane *const ,std::map<std::string,std::map<std::string,int>>>>,false>
                 ]
     1>d:\program files\microsoft visual studio 10.0\vc\include\xmemory(201): warning C4503: “std::_Tree_unchecked_const_iterator<_Mytree,_Base>::_Tree_unchecked_const_iterator”: 超出修饰名的长度，名称被截断
                 with
                 [
                     _Mytree=std::_Tree_val<std::_Tmap_traits<Membrane *,std::map<std::string,std::map<std::string,int>>,std::less<Membrane *>,std::allocator<std::pair<Membrane *const ,std::map<std::string,std::map<std::string,int>>>>,false>>,
                     _Base=std::_Iterator_base
                 ]
     1>d:\program files\microsoft visual studio 10.0\vc\include\xmemory(201): warning C4503: “std::_Tree<_Traits>::insert”: 超出修饰名的长度，名称被截断
                 with
                 [
                     _Traits=std::_Tmap_traits<Membrane *,std::map<std::string,std::map<std::string,int>>,std::less<Membrane *>,std::allocator<std::pair<Membrane *const ,std::map<std::string,std::map<std::string,int>>>>,false>
                 ]
     1>d:\program files\microsoft visual studio 10.0\vc\include\xmemory(201): warning C4503: “std::_Tree<_Traits>::_Insert”: 超出修饰名的长度，名称被截断
                 with
                 [
                     _Traits=std::_Tmap_traits<Membrane *,std::map<std::string,std::map<std::string,int>>,std::less<Membrane *>,std::allocator<std::pair<Membrane *const ,std::map<std::string,std::map<std::string,int>>>>,false>
                 ]
     1>d:\program files\microsoft visual studio 10.0\vc\include\xmemory(201): warning C4503: “std::_Tree<_Traits>::_Linsert”: 超出修饰名的长度，名称被截断
                 with
                 [
                     _Traits=std::_Tmap_traits<Membrane *,std::map<std::string,std::map<std::string,int>>,std::less<Membrane *>,std::allocator<std::pair<Membrane *const ,std::map<std::string,std::map<std::string,int>>>>,false>
                 ]
     1>d:\program files\microsoft visual studio 10.0\vc\include\xmemory(201): warning C4503: “std::_Tree<_Traits>::_Insert”: 超出修饰名的长度，名称被截断
                 with
                 [
                     _Traits=std::_Tmap_traits<Membrane *,std::map<std::string,std::map<std::string,int>>,std::less<Membrane *>,std::allocator<std::pair<Membrane *const ,std::map<std::string,std::map<std::string,int>>>>,false>
                 ]
     1>d:\program files\microsoft visual studio 10.0\vc\include\xmemory(201): warning C4503: “std::_Tree_val<_Traits>::_Buynode”: 超出修饰名的长度，名称被截断
                 with
                 [
                     _Traits=std::_Tmap_traits<Membrane *,std::map<std::string,std::map<std::string,int>>,std::less<Membrane *>,std::allocator<std::pair<Membrane *const ,std::map<std::string,std::map<std::string,int>>>>,false>
                 ]
     1>d:\program files\microsoft visual studio 10.0\vc\include\xmemory(201): warning C4503: “std::pair<_Ty1,_Ty2>::pair”: 超出修饰名的长度，名称被截断
                 with
                 [
                     _Ty1=std::_Tree_iterator<std::_Tree_val<std::_Tmap_traits<Membrane *,std::map<std::string,std::map<std::string,int>>,std::less<Membrane *>,std::allocator<std::pair<Membrane *const ,std::map<std::string,std::map<std::string,int>>>>,false>>>,
                     _Ty2=bool
                 ]
     1>d:\program files\microsoft visual studio 10.0\vc\include\xmemory(201): warning C4503: “std::_Revranit<_RanIt,_Base>::_Equal”: 超出修饰名的长度，名称被截断
                 with
                 [
                     _RanIt=std::_Tree_iterator<std::_Tree_val<std::_Tmap_traits<Membrane *,std::map<std::string,std::map<std::string,int>>,std::less<Membrane *>,std::allocator<std::pair<Membrane *const ,std::map<std::string,std::map<std::string,int>>>>,false>>>,
                     _Base=std::iterator<std::bidirectional_iterator_tag,std::pair<Membrane *const ,std::map<std::string,std::map<std::string,int>>>,__w64 int,std::pair<Membrane *const ,std::map<std::string,std::map<std::string,int>>> *,std::pair<Membrane *const ,std::map<std::string,std::map<std::string,int>>> &>
                 ]
     1>d:\program files\microsoft visual studio 10.0\vc\include\xmemory(201): warning C4503: “std::_Pair_base<_Ty1,_Ty2>::_Pair_base”: 超出修饰名的长度，名称被截断
                 with
                 [
                     _Ty1=std::_Tree_iterator<std::_Tree_val<std::_Tmap_traits<Membrane *,std::map<std::string,std::map<std::string,int>>,std::less<Membrane *>,std::allocator<std::pair<Membrane *const ,std::map<std::string,std::map<std::string,int>>>>,false>>>,
                     _Ty2=bool
                 ]
     1>d:\program files\microsoft visual studio 10.0\vc\include\xmemory(201): warning C4503: “std::_Revranit<_RanIt,_Base>”: 超出修饰名的长度，名称被截断
                 with
                 [
                     _RanIt=std::_Tree_iterator<std::_Tree_val<std::_Tmap_traits<Membrane *,std::map<std::string,std::map<std::string,int>>,std::less<Membrane *>,std::allocator<std::pair<Membrane *const ,std::map<std::string,std::map<std::string,int>>>>,false>>>,
                     _Base=std::iterator<std::bidirectional_iterator_tag,std::pair<Membrane *const ,std::map<std::string,std::map<std::string,int>>>,__w64 int,std::pair<Membrane *const ,std::map<std::string,std::map<std::string,int>>> *,std::pair<Membrane *const ,std::map<std::string,std::map<std::string,int>>> &>
                 ]
       ManifestResourceCompile:
         C:\Program Files (x86)\Microsoft SDKs\Windows\v7.0A\bin\rc.exe /nologo /fo"Debug\MembraneCal.exe.embed.manifest.res" Debug\MembraneCal_manifest.rc 
       Link:
         D:\Program Files\Microsoft Visual Studio 10.0\VC\bin\link.exe /ERRORREPORT:PROMPT /OUT:"F:\Mebrane\Debug\MembraneCal.exe" /INCREMENTAL /NOLOGO kernel32.lib user32.lib gdi32.lib winspool.lib comdlg32.lib advapi32.lib shell32.lib ole32.lib oleaut32.lib uuid.lib odbc32.lib odbccp32.lib /MANIFEST /ManifestFile:"Debug\MembraneCal.exe.intermediate.manifest" /MANIFESTUAC:"level='asInvoker' uiAccess='false'" /DEBUG /PDB:"F:\Mebrane\Debug\MembraneCal.pdb" /SUBSYSTEM:CONSOLE /TLBID:1 /DYNAMICBASE /NXCOMPAT /IMPLIB:"F:\Mebrane\Debug\MembraneCal.lib" /MACHINE:X86 Debug\MembraneCal.exe.embed.manifest.res
         Debug\MembraneCal.obj
       Manifest:
         C:\Program Files (x86)\Microsoft SDKs\Windows\v7.0A\bin\mt.exe /nologo /verbose /out:"Debug\MembraneCal.exe.embed.manifest" /manifest Debug\MembraneCal.exe.intermediate.manifest
         C:\Program Files (x86)\Microsoft SDKs\Windows\v7.0A\bin\rc.exe /nologo /fo"Debug\MembraneCal.exe.embed.manifest.res" Debug\MembraneCal_manifest.rc 
       LinkEmbedManifest:
         D:\Program Files\Microsoft Visual Studio 10.0\VC\bin\link.exe /ERRORREPORT:PROMPT /OUT:"F:\Mebrane\Debug\MembraneCal.exe" /INCREMENTAL /NOLOGO kernel32.lib user32.lib gdi32.lib winspool.lib comdlg32.lib advapi32.lib shell32.lib ole32.lib oleaut32.lib uuid.lib odbc32.lib odbccp32.lib /MANIFEST /ManifestFile:"Debug\MembraneCal.exe.intermediate.manifest" /MANIFESTUAC:"level='asInvoker' uiAccess='false'" /DEBUG /PDB:"F:\Mebrane\Debug\MembraneCal.pdb" /SUBSYSTEM:CONSOLE /TLBID:1 /DYNAMICBASE /NXCOMPAT /IMPLIB:"F:\Mebrane\Debug\MembraneCal.lib" /MACHINE:X86 Debug\MembraneCal.exe.embed.manifest.res
         Debug\MembraneCal.obj
         mojisuan.vcxproj -> F:\Mebrane\Debug\MembraneCal.exe
       FinalizeBuildStatus:
         正在删除文件“Debug\MembraneCal.unsuccessfulbuild”。
         正在对“Debug\MembraneCal.lastbuildstate”执行 Touch 任务。
     1>已完成生成项目“F:\Mebrane\mojisuan\mojisuan.vcxproj”(build 个目标)的操作。

生成成功。

已用时间 00:00:02.24
